LastName, First Initial            1st dive's score          2nd dive's score          3rd dive's score
Adams, M                                     273.60                    201.50                  251.60
Allan, T                                     304.20                    260.30                  150.10
Clute, A                                     273.00                    294.00                  216.45
Cooke, R                                     210.25                    187.20                  188.80
Culver, C                                    249.40                    226.30                  188.10
Hunt, H                                      117.80                    151.20                  128.80
Jackson, E                                   290.45                    273.60                  269.80
James, C                                     121.25                    132.00                  163.85
James, M                                     199.65                    216.00                  151.90
Mack, R                                      152.10                    249.90                  237.00
MacMurray, C                                 201.60                    209.25                  236.35
Martin, F                                    166.65                    211.50                  262.50
Mathews, J                                   205.80                    199.80                  186.00
Musto, L                                     134.85                    189.00                  151.25
Smythe, J                                    192.50                    183.40                  175.00
Swan, F                                      253.30                    187.20                  177.00
Tartino, E                                   150.00                    134.40                  182.00
Tucker, D                                    156.55                    238.50                  210.00
Turcott, J                                   133.95                     74.80                  108.75
Wertime, G                                   172.80                    252.70                  249.60
Willard, J                                    81.40                    163.80                  221.85



 Total Score Diver's Name         
      833.85 Marc, Adams          
      783.45 Thomas, Allan        
       726.7 Adam, Clute          
       714.6 Robert, Cooke        
       675.1 Christopher, Culver  
       663.8 Harry, Hunt          
       647.2 Eric, Jackson        
      640.65 Christopher, James   
         639 Mark, James          
       617.5 Richard, Mack        
      605.05 Cory, MacMurray      
       591.6 Frank, Martin        
      586.25 James, Mathews       
      567.55 Luke, Musto          
       550.9 Jerry, Smythe        
       475.1 Frank, Swan          
      467.05 Eric, Tartino        
       466.4 Donald, Tucker       
       417.1 John, Turcott        
       397.8 George, Wertime      
       317.5 Jason, Willard       
      